<?xml version="1.0" encoding="UTF-8"?>
<!-- Generated by org.testng.reporters.JUnitXMLReporter -->
<testsuite ignored="6" hostname="LTIN202063" failures="0" tests="19" name="Test" time="319.247" errors="0" timestamp="2024-02-28T12:44:57 IST">
  <testcase classname="testing.TC001_Doctor_Details" name="Check_for_correct_page" time="0.277"/>
  <testcase classname="testing.TC001_Doctor_Details" name="getting_correct_city" time="30.892"/>
  <testcase classname="testing.TC001_Doctor_Details" name="get_list_of_doctors" time="49.229"/>
  <testcase classname="testing.TC001_Doctor_Details" name="Scolldown" time="10.154"/>
  <testcase classname="testing.TC001_Doctor_Details" name="Printing_names" time="6.75"/>
  <testcase classname="testing.TC001_Doctor_Details" name="surgeriesClicked" time="2.883"/>
  <testcase classname="testing.TC002_Surgeries" name="ScrollDown" time="10.48"/>
  <testcase classname="testing.TC002_Surgeries" name="get_Surgeries_List" time="4.336"/>
  <testcase classname="testing.TC002_Surgeries" name="clickOnForm" time="16.991"/>
  <testcase classname="testing.TC003_Set_Wrong_Details" name="ScrollTo" time="10.155"/>
  <testcase classname="testing.TC003_Set_Wrong_Details" name="set_Wrong_Details" time="2.509"/>
  <testcase classname="testing.TC003_Set_Wrong_Details" name="buttonDisplayed" time="0.062"/>
  <testcase classname="testing.TC003_Set_Wrong_Details" name="clearFields" time="2.551"/>
  <testcase classname="testing.TC004_Set_Correct_Details" name="ScrollTo" time="10.144"/>
  <testcase classname="testing.TC004_Set_Correct_Details" name="set_Correct_Details" time="3.41"/>
  <testcase classname="testing.TC004_Set_Correct_Details" name="buttonDisplayed" time="0.081"/>
  <testcase classname="testing.TC004_Set_Correct_Details" name="click" time="0.284"/>
  <testcase classname="testing.TC004_Set_Correct_Details" name="getMsg" time="130.095"/>
  <testcase classname="testing.TC004_Set_Correct_Details" name="verifyMsg" time="0.344"/>
  <testcase classname="testing.BaseClass" name="@BeforeTest Intiate_WebDriver" time="0.0">
    <ignored/>
  </testcase> <!-- @BeforeTest Intiate_WebDriver -->
  <testcase classname="testing.BaseClass" name="@AfterTest Close_Driver" time="0.0">
    <ignored/>
  </testcase> <!-- @AfterTest Close_Driver -->
  <testcase classname="testing.BaseClass" name="@AfterTest Close_Driver" time="0.0">
    <ignored/>
  </testcase> <!-- @AfterTest Close_Driver -->
  <testcase classname="testing.BaseClass" name="@BeforeTest Intiate_WebDriver" time="0.0">
    <ignored/>
  </testcase> <!-- @BeforeTest Intiate_WebDriver -->
  <testcase classname="testing.BaseClass" name="@BeforeTest Intiate_WebDriver" time="0.0">
    <ignored/>
  </testcase> <!-- @BeforeTest Intiate_WebDriver -->
  <testcase classname="testing.BaseClass" name="@AfterTest Close_Driver" time="0.0">
    <ignored/>
  </testcase> <!-- @AfterTest Close_Driver -->
</testsuite> <!-- Test -->
